<?xml version="1.0" encoding="UTF-8"?>
<!-- Generated by org.testng.reporters.JUnitReportReporter -->
<testsuite hostname="DESKTOP-M7KVN31" name="com.actiime.testcases.Actclass" tests="1" failures="0" timestamp="22 Dec 2019 09:30:02 GMT" time="22.172" errors="0">
  <testcase name="launchbrowser" time="22.172" classname="com.actiime.testcases.Actclass"/>
</testsuite> <!-- com.actiime.testcases.Actclass -->
